<?xml version="1.0" encoding="UTF-8"?>
<!-- Generated by org.testng.reporters.JUnitXMLReporter -->
<testsuite ignored="0" hostname="Ajay" failures="1" tests="11" name=" Automation Testcases" time="45.361" errors="0" timestamp="2024-06-24T20:02:22 IST">
  <testcase classname="com.tutorialsninja.qa.testcases.RegisterAccountTest" name="verifyRegisteringAnAccountWithMandatoryFields" time="1.723"/>
  <testcase classname="com.tutorialsninja.qa.testcases.RegisterAccountTest" name="verifyRegisteringWithProvidingAllFields" time="1.428"/>
  <testcase classname="com.tutorialsninja.qa.testcases.RegisterAccountTest" name="verifyRegisteringWithExistingEmailid" time="1.373"/>
  <testcase classname="com.tutorialsninja.qa.testcases.RegisterAccountTest" name="verifyRegisteringWithoutFillingAnyDetails" time="0.593"/>
  <testcase classname="com.tutorialsninja.qa.testcases.LoginTest" name="verifyLoginWithInvalidCredentials" time="0.879"/>
  <testcase classname="com.tutorialsninja.qa.testcases.LoginTest" name="verifyLoginWithInvalidEmailAndValidPassword" time="0.783"/>
  <testcase classname="com.tutorialsninja.qa.testcases.LoginTest" name="verifyLoginWithValidEmailAndInvalidPassword" time="0.706"/>
  <testcase classname="com.tutorialsninja.qa.testcases.LoginTest" name="verifyLoginWithoutCredentials" time="0.508"/>
  <testcase classname="com.tutorialsninja.qa.testcases.SearchTest" name="verifySearchwithvalidProduct" time="0.443"/>
  <testcase classname="com.tutorialsninja.qa.testcases.SearchTest" name="verifySearchWithInvalidProduct" time="0.468">
    <failure type="java.lang.AssertionError" message="expected [abcd] but found [There is no product that matches the search criteria.]">
      <![CDATA[java.lang.AssertionError: expected [abcd] but found [There is no product that matches the search criteria.]
at com.tutorialsninja.qa.testcases.SearchTest.verifySearchWithInvalidProduct(SearchTest.java:67)
at java.base/java.util.ArrayList.forEach(ArrayList.java:1597)
... Removed 35 stack frames]]>
    </failure>
  </testcase> <!-- verifySearchWithInvalidProduct -->
  <testcase classname="com.tutorialsninja.qa.testcases.SearchTest" name="verifySearchWithoutAnyProduct" time="0.0">
    <skipped/>
  </testcase> <!-- verifySearchWithoutAnyProduct -->
</testsuite> <!--  Automation Testcases -->
